
＝＝＝＝＝＝＝＝＝＝                                   
【日志级别】INFO                                    
【记录时间】2020-08-28 22:19:23,903                                   
【线程编号】[1]                                   
【执行时间】[4675]毫秒                                   
【信息的类】Microsoft.Hosting.Lifetime                                   
【信息详情】Application started. Press Ctrl+C to shut down. 

＝＝＝＝＝＝＝＝＝＝                                   
【日志级别】INFO                                    
【记录时间】2020-08-28 22:19:23,939                                   
【线程编号】[1]                                   
【执行时间】[4712]毫秒                                   
【信息的类】Microsoft.Hosting.Lifetime                                   
【信息详情】Hosting environment: Development 

＝＝＝＝＝＝＝＝＝＝                                   
【日志级别】INFO                                    
【记录时间】2020-08-28 22:19:23,940                                   
【线程编号】[1]                                   
【执行时间】[4713]毫秒                                   
【信息的类】Microsoft.Hosting.Lifetime                                   
【信息详情】Content root path: E:\dev\LessSharp3\LessSharp.WebApi 
