
＝＝＝＝＝＝＝＝＝＝                                   
【日志级别】INFO                                    
【记录时间】2020-08-29 11:12:56,365                                   
【线程编号】[1]                                   
【执行时间】[4587]毫秒                                   
【信息的类】Microsoft.Hosting.Lifetime                                   
【信息详情】Application started. Press Ctrl+C to shut down. 

＝＝＝＝＝＝＝＝＝＝                                   
【日志级别】INFO                                    
【记录时间】2020-08-29 11:12:56,437                                   
【线程编号】[1]                                   
【执行时间】[4658]毫秒                                   
【信息的类】Microsoft.Hosting.Lifetime                                   
【信息详情】Hosting environment: Development 

＝＝＝＝＝＝＝＝＝＝                                   
【日志级别】INFO                                    
【记录时间】2020-08-29 11:12:56,447                                   
【线程编号】[1]                                   
【执行时间】[4669]毫秒                                   
【信息的类】Microsoft.Hosting.Lifetime                                   
【信息详情】Content root path: E:\dev\LessSharp3\LessSharp.WebApi 
