
＝＝＝＝＝＝＝＝＝＝                                   
【日志级别】ERROR                                   
【记录时间】2020-12-30 20:50:16,353                                   
【线程编号】[36]                                   
【执行时间】[3352330]毫秒                                   
【出错的类】Microsoft.EntityFrameworkCore.Query                                   
【错误描述】An exception occurred while iterating over the results of a query for context type 'LessSharp.Data.AppDbContext'.
System.NullReferenceException: Object reference not set to an instance of an object.
   at Microsoft.EntityFrameworkCore.Query.Internal.ParameterValueBasedSelectExpressionOptimizer.InExpressionValuesExpandingExpressionVisitor.Visit(Expression expression)
   at Microsoft.EntityFrameworkCore.Query.SqlExpressions.SelectExpression.VisitChildren(ExpressionVisitor visitor)
   at System.Linq.Expressions.ExpressionVisitor.VisitExtension(Expression node)
   at System.Linq.Expressions.Expression.Accept(ExpressionVisitor visitor)
   at Microsoft.EntityFrameworkCore.Query.Internal.ParameterValueBasedSelectExpressionOptimizer.Optimize(SelectExpression selectExpression, IReadOnlyDictionary`2 parametersValues)
   at Microsoft.EntityFrameworkCore.Query.Internal.RelationalCommandCache.GetRelationalCommand(IReadOnlyDictionary`2 parameters)
   at Microsoft.EntityFrameworkCore.Query.Internal.QueryingEnumerable`1.AsyncEnumerator.InitializeReaderAsync(DbContext _, Boolean result, CancellationToken cancellationToken)
   at Microsoft.EntityFrameworkCore.SqlServer.Storage.Internal.SqlServerExecutionStrategy.ExecuteAsync[TState,TResult](TState state, Func`4 operation, Func`4 verifySucceeded, CancellationToken cancellationToken)
   at Microsoft.EntityFrameworkCore.Query.Internal.QueryingEnumerable`1.AsyncEnumerator.MoveNextAsync()                                   
【错误详情】
System.NullReferenceException: Object reference not set to an instance of an object.
   at Microsoft.EntityFrameworkCore.Query.Internal.ParameterValueBasedSelectExpressionOptimizer.InExpressionValuesExpandingExpressionVisitor.Visit(Expression expression)
   at Microsoft.EntityFrameworkCore.Query.SqlExpressions.SelectExpression.VisitChildren(ExpressionVisitor visitor)
   at System.Linq.Expressions.ExpressionVisitor.VisitExtension(Expression node)
   at System.Linq.Expressions.Expression.Accept(ExpressionVisitor visitor)
   at Microsoft.EntityFrameworkCore.Query.Internal.ParameterValueBasedSelectExpressionOptimizer.Optimize(SelectExpression selectExpression, IReadOnlyDictionary`2 parametersValues)
   at Microsoft.EntityFrameworkCore.Query.Internal.RelationalCommandCache.GetRelationalCommand(IReadOnlyDictionary`2 parameters)
   at Microsoft.EntityFrameworkCore.Query.Internal.QueryingEnumerable`1.AsyncEnumerator.InitializeReaderAsync(DbContext _, Boolean result, CancellationToken cancellationToken)
   at Microsoft.EntityFrameworkCore.SqlServer.Storage.Internal.SqlServerExecutionStrategy.ExecuteAsync[TState,TResult](TState state, Func`4 operation, Func`4 verifySucceeded, CancellationToken cancellationToken)
   at Microsoft.EntityFrameworkCore.Query.Internal.QueryingEnumerable`1.AsyncEnumerator.MoveNextAsync()

＝＝＝＝＝＝＝＝＝＝                                   
【日志级别】ERROR                                   
【记录时间】2020-12-30 20:50:16,438                                   
【线程编号】[36]                                   
【执行时间】[3352414]毫秒                                   
【出错的类】/Sys/Token/GetPageList[Microsoft.EntityFrameworkCore.Query.Internal.ParameterValueBasedSelectExpressionOptimizer+InExpressionValuesExpandingExpressionVisitor]                                   
【错误描述】Object reference not set to an instance of an object.[fbc8e844-aa9b-443a-bc4b-c4178bd7c6c9]                                   
【错误详情】
System.NullReferenceException: Object reference not set to an instance of an object.
   at Microsoft.EntityFrameworkCore.Query.Internal.ParameterValueBasedSelectExpressionOptimizer.InExpressionValuesExpandingExpressionVisitor.Visit(Expression expression)
   at Microsoft.EntityFrameworkCore.Query.SqlExpressions.SelectExpression.VisitChildren(ExpressionVisitor visitor)
   at System.Linq.Expressions.ExpressionVisitor.VisitExtension(Expression node)
   at System.Linq.Expressions.Expression.Accept(ExpressionVisitor visitor)
   at Microsoft.EntityFrameworkCore.Query.Internal.ParameterValueBasedSelectExpressionOptimizer.Optimize(SelectExpression selectExpression, IReadOnlyDictionary`2 parametersValues)
   at Microsoft.EntityFrameworkCore.Query.Internal.RelationalCommandCache.GetRelationalCommand(IReadOnlyDictionary`2 parameters)
   at Microsoft.EntityFrameworkCore.Query.Internal.QueryingEnumerable`1.AsyncEnumerator.InitializeReaderAsync(DbContext _, Boolean result, CancellationToken cancellationToken)
   at Microsoft.EntityFrameworkCore.SqlServer.Storage.Internal.SqlServerExecutionStrategy.ExecuteAsync[TState,TResult](TState state, Func`4 operation, Func`4 verifySucceeded, CancellationToken cancellationToken)
   at Microsoft.EntityFrameworkCore.Query.Internal.QueryingEnumerable`1.AsyncEnumerator.MoveNextAsync()
   at Microsoft.EntityFrameworkCore.EntityFrameworkQueryableExtensions.ToListAsync[TSource](IQueryable`1 source, CancellationToken cancellationToken)
   at Microsoft.EntityFrameworkCore.EntityFrameworkQueryableExtensions.ToListAsync[TSource](IQueryable`1 source, CancellationToken cancellationToken)
   at LessSharp.Service.QueryService`3.QueryToListAsync[T](IQueryable`1 query, TQueryDto queryDto, Expression`1 selectExp) in E:\Dev\LessSharp3\LessSharp.Service\Base\QueryService.cs:line 211
   at LessSharp.Service.QueryService`3.QueryToPageListAsync[T](IQueryable`1 query, TQueryDto queryDto, Expression`1 selectExp) in E:\Dev\LessSharp3\LessSharp.Service\Base\QueryService.cs:line 359
   at LessSharp.Service.QueryService`3.GetPageListAsync(TQueryDto queryDto) in E:\Dev\LessSharp3\LessSharp.Service\Base\QueryService.cs:line 506
   at LessSharp.WebApi.Controllers.Sys.TokenController.GetPageList(TokenQueryDto queryDto) in E:\Dev\LessSharp3\LessSharp.WebApi\Controllers\Sys\TokenController.cs:line 34
   at lambda_method(Closure , Object )
   at Microsoft.Extensions.Internal.ObjectMethodExecutorAwaitable.Awaiter.GetResult()
   at Microsoft.AspNetCore.Mvc.Infrastructure.ActionMethodExecutor.AwaitableObjectResultExecutor.Execute(IActionResultTypeMapper mapper, ObjectMethodExecutor executor, Object controller, Object[] arguments)
   at Microsoft.AspNetCore.Mvc.Infrastructure.ControllerActionInvoker.<InvokeActionMethodAsync>g__Awaited|12_0(ControllerActionInvoker invoker, ValueTask`1 actionResultValueTask)
   at Microsoft.AspNetCore.Mvc.Infrastructure.ControllerActionInvoker.<InvokeNextActionFilterAsync>g__Awaited|10_0(ControllerActionInvoker invoker, Task lastTask, State next, Scope scope, Object state, Boolean isCompleted)
   at Microsoft.AspNetCore.Mvc.Infrastructure.ControllerActionInvoker.Rethrow(ActionExecutedContextSealed context)
   at Microsoft.AspNetCore.Mvc.Infrastructure.ControllerActionInvoker.Next(State& next, Scope& scope, Object& state, Boolean& isCompleted)
   at Microsoft.AspNetCore.Mvc.Infrastructure.ControllerActionInvoker.InvokeInnerFilterAsync()
--- End of stack trace from previous location where exception was thrown ---
   at Microsoft.AspNetCore.Mvc.Infrastructure.ResourceInvoker.<InvokeFilterPipelineAsync>g__Awaited|19_0(ResourceInvoker invoker, Task lastTask, State next, Scope scope, Object state, Boolean isCompleted)
   at Microsoft.AspNetCore.Mvc.Infrastructure.ResourceInvoker.<InvokeAsync>g__Awaited|17_0(ResourceInvoker invoker, Task task, IDisposable scope)
   at Microsoft.AspNetCore.Routing.EndpointMiddleware.<Invoke>g__AwaitRequestTask|6_0(Endpoint endpoint, Task requestTask, ILogger logger)
   at Microsoft.AspNetCore.Authorization.AuthorizationMiddleware.Invoke(HttpContext context)
   at Microsoft.AspNetCore.Authentication.AuthenticationMiddleware.Invoke(HttpContext context)
   at LessSharp.WebApi.Middlewares.ApiExceptionMiddleware.InvokeAsync(HttpContext context, ILoggerFactory loggerFactory) in E:\Dev\LessSharp3\LessSharp.WebApi\Middlewares\ApiExceptionMiddleware.cs:line 24

＝＝＝＝＝＝＝＝＝＝                                   
【日志级别】ERROR                                   
【记录时间】2020-12-30 20:50:19,087                                   
【线程编号】[32]                                   
【执行时间】[3355064]毫秒                                   
【出错的类】Microsoft.EntityFrameworkCore.Query                                   
【错误描述】An exception occurred while iterating over the results of a query for context type 'LessSharp.Data.AppDbContext'.
System.NullReferenceException: Object reference not set to an instance of an object.
   at Microsoft.EntityFrameworkCore.Query.Internal.ParameterValueBasedSelectExpressionOptimizer.InExpressionValuesExpandingExpressionVisitor.Visit(Expression expression)
   at Microsoft.EntityFrameworkCore.Query.SqlExpressions.SelectExpression.VisitChildren(ExpressionVisitor visitor)
   at System.Linq.Expressions.ExpressionVisitor.VisitExtension(Expression node)
   at System.Linq.Expressions.Expression.Accept(ExpressionVisitor visitor)
   at Microsoft.EntityFrameworkCore.Query.Internal.ParameterValueBasedSelectExpressionOptimizer.Optimize(SelectExpression selectExpression, IReadOnlyDictionary`2 parametersValues)
   at Microsoft.EntityFrameworkCore.Query.Internal.RelationalCommandCache.GetRelationalCommand(IReadOnlyDictionary`2 parameters)
   at Microsoft.EntityFrameworkCore.Query.Internal.QueryingEnumerable`1.AsyncEnumerator.InitializeReaderAsync(DbContext _, Boolean result, CancellationToken cancellationToken)
   at Microsoft.EntityFrameworkCore.SqlServer.Storage.Internal.SqlServerExecutionStrategy.ExecuteAsync[TState,TResult](TState state, Func`4 operation, Func`4 verifySucceeded, CancellationToken cancellationToken)
   at Microsoft.EntityFrameworkCore.Query.Internal.QueryingEnumerable`1.AsyncEnumerator.MoveNextAsync()                                   
【错误详情】
System.NullReferenceException: Object reference not set to an instance of an object.
   at Microsoft.EntityFrameworkCore.Query.Internal.ParameterValueBasedSelectExpressionOptimizer.InExpressionValuesExpandingExpressionVisitor.Visit(Expression expression)
   at Microsoft.EntityFrameworkCore.Query.SqlExpressions.SelectExpression.VisitChildren(ExpressionVisitor visitor)
   at System.Linq.Expressions.ExpressionVisitor.VisitExtension(Expression node)
   at System.Linq.Expressions.Expression.Accept(ExpressionVisitor visitor)
   at Microsoft.EntityFrameworkCore.Query.Internal.ParameterValueBasedSelectExpressionOptimizer.Optimize(SelectExpression selectExpression, IReadOnlyDictionary`2 parametersValues)
   at Microsoft.EntityFrameworkCore.Query.Internal.RelationalCommandCache.GetRelationalCommand(IReadOnlyDictionary`2 parameters)
   at Microsoft.EntityFrameworkCore.Query.Internal.QueryingEnumerable`1.AsyncEnumerator.InitializeReaderAsync(DbContext _, Boolean result, CancellationToken cancellationToken)
   at Microsoft.EntityFrameworkCore.SqlServer.Storage.Internal.SqlServerExecutionStrategy.ExecuteAsync[TState,TResult](TState state, Func`4 operation, Func`4 verifySucceeded, CancellationToken cancellationToken)
   at Microsoft.EntityFrameworkCore.Query.Internal.QueryingEnumerable`1.AsyncEnumerator.MoveNextAsync()

＝＝＝＝＝＝＝＝＝＝                                   
【日志级别】ERROR                                   
【记录时间】2020-12-30 20:50:19,098                                   
【线程编号】[32]                                   
【执行时间】[3355075]毫秒                                   
【出错的类】/Sys/Token/GetPageList[Microsoft.EntityFrameworkCore.Query.Internal.ParameterValueBasedSelectExpressionOptimizer+InExpressionValuesExpandingExpressionVisitor]                                   
【错误描述】Object reference not set to an instance of an object.[5566def1-3388-46de-b16b-c6845d9e1fe7]                                   
【错误详情】
System.NullReferenceException: Object reference not set to an instance of an object.
   at Microsoft.EntityFrameworkCore.Query.Internal.ParameterValueBasedSelectExpressionOptimizer.InExpressionValuesExpandingExpressionVisitor.Visit(Expression expression)
   at Microsoft.EntityFrameworkCore.Query.SqlExpressions.SelectExpression.VisitChildren(ExpressionVisitor visitor)
   at System.Linq.Expressions.ExpressionVisitor.VisitExtension(Expression node)
   at System.Linq.Expressions.Expression.Accept(ExpressionVisitor visitor)
   at Microsoft.EntityFrameworkCore.Query.Internal.ParameterValueBasedSelectExpressionOptimizer.Optimize(SelectExpression selectExpression, IReadOnlyDictionary`2 parametersValues)
   at Microsoft.EntityFrameworkCore.Query.Internal.RelationalCommandCache.GetRelationalCommand(IReadOnlyDictionary`2 parameters)
   at Microsoft.EntityFrameworkCore.Query.Internal.QueryingEnumerable`1.AsyncEnumerator.InitializeReaderAsync(DbContext _, Boolean result, CancellationToken cancellationToken)
   at Microsoft.EntityFrameworkCore.SqlServer.Storage.Internal.SqlServerExecutionStrategy.ExecuteAsync[TState,TResult](TState state, Func`4 operation, Func`4 verifySucceeded, CancellationToken cancellationToken)
   at Microsoft.EntityFrameworkCore.Query.Internal.QueryingEnumerable`1.AsyncEnumerator.MoveNextAsync()
   at Microsoft.EntityFrameworkCore.EntityFrameworkQueryableExtensions.ToListAsync[TSource](IQueryable`1 source, CancellationToken cancellationToken)
   at Microsoft.EntityFrameworkCore.EntityFrameworkQueryableExtensions.ToListAsync[TSource](IQueryable`1 source, CancellationToken cancellationToken)
   at LessSharp.Service.QueryService`3.QueryToListAsync[T](IQueryable`1 query, TQueryDto queryDto, Expression`1 selectExp) in E:\Dev\LessSharp3\LessSharp.Service\Base\QueryService.cs:line 211
   at LessSharp.Service.QueryService`3.QueryToPageListAsync[T](IQueryable`1 query, TQueryDto queryDto, Expression`1 selectExp) in E:\Dev\LessSharp3\LessSharp.Service\Base\QueryService.cs:line 359
   at LessSharp.Service.QueryService`3.GetPageListAsync(TQueryDto queryDto) in E:\Dev\LessSharp3\LessSharp.Service\Base\QueryService.cs:line 506
   at LessSharp.WebApi.Controllers.Sys.TokenController.GetPageList(TokenQueryDto queryDto) in E:\Dev\LessSharp3\LessSharp.WebApi\Controllers\Sys\TokenController.cs:line 34
   at lambda_method(Closure , Object )
   at Microsoft.Extensions.Internal.ObjectMethodExecutorAwaitable.Awaiter.GetResult()
   at Microsoft.AspNetCore.Mvc.Infrastructure.ActionMethodExecutor.AwaitableObjectResultExecutor.Execute(IActionResultTypeMapper mapper, ObjectMethodExecutor executor, Object controller, Object[] arguments)
   at Microsoft.AspNetCore.Mvc.Infrastructure.ControllerActionInvoker.<InvokeActionMethodAsync>g__Awaited|12_0(ControllerActionInvoker invoker, ValueTask`1 actionResultValueTask)
   at Microsoft.AspNetCore.Mvc.Infrastructure.ControllerActionInvoker.<InvokeNextActionFilterAsync>g__Awaited|10_0(ControllerActionInvoker invoker, Task lastTask, State next, Scope scope, Object state, Boolean isCompleted)
   at Microsoft.AspNetCore.Mvc.Infrastructure.ControllerActionInvoker.Rethrow(ActionExecutedContextSealed context)
   at Microsoft.AspNetCore.Mvc.Infrastructure.ControllerActionInvoker.Next(State& next, Scope& scope, Object& state, Boolean& isCompleted)
   at Microsoft.AspNetCore.Mvc.Infrastructure.ControllerActionInvoker.InvokeInnerFilterAsync()
--- End of stack trace from previous location where exception was thrown ---
   at Microsoft.AspNetCore.Mvc.Infrastructure.ResourceInvoker.<InvokeFilterPipelineAsync>g__Awaited|19_0(ResourceInvoker invoker, Task lastTask, State next, Scope scope, Object state, Boolean isCompleted)
   at Microsoft.AspNetCore.Mvc.Infrastructure.ResourceInvoker.<InvokeAsync>g__Awaited|17_0(ResourceInvoker invoker, Task task, IDisposable scope)
   at Microsoft.AspNetCore.Routing.EndpointMiddleware.<Invoke>g__AwaitRequestTask|6_0(Endpoint endpoint, Task requestTask, ILogger logger)
   at Microsoft.AspNetCore.Authorization.AuthorizationMiddleware.Invoke(HttpContext context)
   at Microsoft.AspNetCore.Authentication.AuthenticationMiddleware.Invoke(HttpContext context)
   at LessSharp.WebApi.Middlewares.ApiExceptionMiddleware.InvokeAsync(HttpContext context, ILoggerFactory loggerFactory) in E:\Dev\LessSharp3\LessSharp.WebApi\Middlewares\ApiExceptionMiddleware.cs:line 24

＝＝＝＝＝＝＝＝＝＝                                   
【日志级别】ERROR                                   
【记录时间】2020-12-30 20:50:24,273                                   
【线程编号】[33]                                   
【执行时间】[3360249]毫秒                                   
【出错的类】Microsoft.EntityFrameworkCore.Query                                   
【错误描述】An exception occurred while iterating over the results of a query for context type 'LessSharp.Data.AppDbContext'.
System.NullReferenceException: Object reference not set to an instance of an object.
   at Microsoft.EntityFrameworkCore.Query.Internal.ParameterValueBasedSelectExpressionOptimizer.InExpressionValuesExpandingExpressionVisitor.Visit(Expression expression)
   at Microsoft.EntityFrameworkCore.Query.SqlExpressions.SelectExpression.VisitChildren(ExpressionVisitor visitor)
   at System.Linq.Expressions.ExpressionVisitor.VisitExtension(Expression node)
   at System.Linq.Expressions.Expression.Accept(ExpressionVisitor visitor)
   at Microsoft.EntityFrameworkCore.Query.Internal.ParameterValueBasedSelectExpressionOptimizer.Optimize(SelectExpression selectExpression, IReadOnlyDictionary`2 parametersValues)
   at Microsoft.EntityFrameworkCore.Query.Internal.RelationalCommandCache.GetRelationalCommand(IReadOnlyDictionary`2 parameters)
   at Microsoft.EntityFrameworkCore.Query.Internal.QueryingEnumerable`1.AsyncEnumerator.InitializeReaderAsync(DbContext _, Boolean result, CancellationToken cancellationToken)
   at Microsoft.EntityFrameworkCore.SqlServer.Storage.Internal.SqlServerExecutionStrategy.ExecuteAsync[TState,TResult](TState state, Func`4 operation, Func`4 verifySucceeded, CancellationToken cancellationToken)
   at Microsoft.EntityFrameworkCore.Query.Internal.QueryingEnumerable`1.AsyncEnumerator.MoveNextAsync()                                   
【错误详情】
System.NullReferenceException: Object reference not set to an instance of an object.
   at Microsoft.EntityFrameworkCore.Query.Internal.ParameterValueBasedSelectExpressionOptimizer.InExpressionValuesExpandingExpressionVisitor.Visit(Expression expression)
   at Microsoft.EntityFrameworkCore.Query.SqlExpressions.SelectExpression.VisitChildren(ExpressionVisitor visitor)
   at System.Linq.Expressions.ExpressionVisitor.VisitExtension(Expression node)
   at System.Linq.Expressions.Expression.Accept(ExpressionVisitor visitor)
   at Microsoft.EntityFrameworkCore.Query.Internal.ParameterValueBasedSelectExpressionOptimizer.Optimize(SelectExpression selectExpression, IReadOnlyDictionary`2 parametersValues)
   at Microsoft.EntityFrameworkCore.Query.Internal.RelationalCommandCache.GetRelationalCommand(IReadOnlyDictionary`2 parameters)
   at Microsoft.EntityFrameworkCore.Query.Internal.QueryingEnumerable`1.AsyncEnumerator.InitializeReaderAsync(DbContext _, Boolean result, CancellationToken cancellationToken)
   at Microsoft.EntityFrameworkCore.SqlServer.Storage.Internal.SqlServerExecutionStrategy.ExecuteAsync[TState,TResult](TState state, Func`4 operation, Func`4 verifySucceeded, CancellationToken cancellationToken)
   at Microsoft.EntityFrameworkCore.Query.Internal.QueryingEnumerable`1.AsyncEnumerator.MoveNextAsync()

＝＝＝＝＝＝＝＝＝＝                                   
【日志级别】ERROR                                   
【记录时间】2020-12-30 20:50:24,285                                   
【线程编号】[33]                                   
【执行时间】[3360261]毫秒                                   
【出错的类】/Sys/Token/GetPageList[Microsoft.EntityFrameworkCore.Query.Internal.ParameterValueBasedSelectExpressionOptimizer+InExpressionValuesExpandingExpressionVisitor]                                   
【错误描述】Object reference not set to an instance of an object.[3d35f308-2a4b-4531-a06f-35b586487f4f]                                   
【错误详情】
System.NullReferenceException: Object reference not set to an instance of an object.
   at Microsoft.EntityFrameworkCore.Query.Internal.ParameterValueBasedSelectExpressionOptimizer.InExpressionValuesExpandingExpressionVisitor.Visit(Expression expression)
   at Microsoft.EntityFrameworkCore.Query.SqlExpressions.SelectExpression.VisitChildren(ExpressionVisitor visitor)
   at System.Linq.Expressions.ExpressionVisitor.VisitExtension(Expression node)
   at System.Linq.Expressions.Expression.Accept(ExpressionVisitor visitor)
   at Microsoft.EntityFrameworkCore.Query.Internal.ParameterValueBasedSelectExpressionOptimizer.Optimize(SelectExpression selectExpression, IReadOnlyDictionary`2 parametersValues)
   at Microsoft.EntityFrameworkCore.Query.Internal.RelationalCommandCache.GetRelationalCommand(IReadOnlyDictionary`2 parameters)
   at Microsoft.EntityFrameworkCore.Query.Internal.QueryingEnumerable`1.AsyncEnumerator.InitializeReaderAsync(DbContext _, Boolean result, CancellationToken cancellationToken)
   at Microsoft.EntityFrameworkCore.SqlServer.Storage.Internal.SqlServerExecutionStrategy.ExecuteAsync[TState,TResult](TState state, Func`4 operation, Func`4 verifySucceeded, CancellationToken cancellationToken)
   at Microsoft.EntityFrameworkCore.Query.Internal.QueryingEnumerable`1.AsyncEnumerator.MoveNextAsync()
   at Microsoft.EntityFrameworkCore.EntityFrameworkQueryableExtensions.ToListAsync[TSource](IQueryable`1 source, CancellationToken cancellationToken)
   at Microsoft.EntityFrameworkCore.EntityFrameworkQueryableExtensions.ToListAsync[TSource](IQueryable`1 source, CancellationToken cancellationToken)
   at LessSharp.Service.QueryService`3.QueryToListAsync[T](IQueryable`1 query, TQueryDto queryDto, Expression`1 selectExp) in E:\Dev\LessSharp3\LessSharp.Service\Base\QueryService.cs:line 211
   at LessSharp.Service.QueryService`3.QueryToPageListAsync[T](IQueryable`1 query, TQueryDto queryDto, Expression`1 selectExp) in E:\Dev\LessSharp3\LessSharp.Service\Base\QueryService.cs:line 359
   at LessSharp.Service.QueryService`3.GetPageListAsync(TQueryDto queryDto) in E:\Dev\LessSharp3\LessSharp.Service\Base\QueryService.cs:line 506
   at LessSharp.WebApi.Controllers.Sys.TokenController.GetPageList(TokenQueryDto queryDto) in E:\Dev\LessSharp3\LessSharp.WebApi\Controllers\Sys\TokenController.cs:line 34
   at lambda_method(Closure , Object )
   at Microsoft.Extensions.Internal.ObjectMethodExecutorAwaitable.Awaiter.GetResult()
   at Microsoft.AspNetCore.Mvc.Infrastructure.ActionMethodExecutor.AwaitableObjectResultExecutor.Execute(IActionResultTypeMapper mapper, ObjectMethodExecutor executor, Object controller, Object[] arguments)
   at Microsoft.AspNetCore.Mvc.Infrastructure.ControllerActionInvoker.<InvokeActionMethodAsync>g__Awaited|12_0(ControllerActionInvoker invoker, ValueTask`1 actionResultValueTask)
   at Microsoft.AspNetCore.Mvc.Infrastructure.ControllerActionInvoker.<InvokeNextActionFilterAsync>g__Awaited|10_0(ControllerActionInvoker invoker, Task lastTask, State next, Scope scope, Object state, Boolean isCompleted)
   at Microsoft.AspNetCore.Mvc.Infrastructure.ControllerActionInvoker.Rethrow(ActionExecutedContextSealed context)
   at Microsoft.AspNetCore.Mvc.Infrastructure.ControllerActionInvoker.Next(State& next, Scope& scope, Object& state, Boolean& isCompleted)
   at Microsoft.AspNetCore.Mvc.Infrastructure.ControllerActionInvoker.InvokeInnerFilterAsync()
--- End of stack trace from previous location where exception was thrown ---
   at Microsoft.AspNetCore.Mvc.Infrastructure.ResourceInvoker.<InvokeFilterPipelineAsync>g__Awaited|19_0(ResourceInvoker invoker, Task lastTask, State next, Scope scope, Object state, Boolean isCompleted)
   at Microsoft.AspNetCore.Mvc.Infrastructure.ResourceInvoker.<InvokeAsync>g__Awaited|17_0(ResourceInvoker invoker, Task task, IDisposable scope)
   at Microsoft.AspNetCore.Routing.EndpointMiddleware.<Invoke>g__AwaitRequestTask|6_0(Endpoint endpoint, Task requestTask, ILogger logger)
   at Microsoft.AspNetCore.Authorization.AuthorizationMiddleware.Invoke(HttpContext context)
   at Microsoft.AspNetCore.Authentication.AuthenticationMiddleware.Invoke(HttpContext context)
   at LessSharp.WebApi.Middlewares.ApiExceptionMiddleware.InvokeAsync(HttpContext context, ILoggerFactory loggerFactory) in E:\Dev\LessSharp3\LessSharp.WebApi\Middlewares\ApiExceptionMiddleware.cs:line 24
